
The following have been reloaded with a version change:
  1) R/3.1.0 => R/3.2.0



processing file: 1_create_config_file.Rmd
  |                                                                         |                                                                 |   0%  |                                                                         |.........                                                        |  14%
  ordinary text without R code

  |                                                                         |...................                                              |  29%
label: unnamed-chunk-1
  |                                                                         |............................                                     |  43%
  ordinary text without R code

  |                                                                         |.....................................                            |  57%
label: unnamed-chunk-2
  |                                                                         |..............................................                   |  71%
  ordinary text without R code

  |                                                                         |........................................................         |  86%
label: unnamed-chunk-3
  |                                                                         |.................................................................| 100%
  ordinary text without R code


output file: 1_create_config_file.md

Job Id: 35334286.mgr-04.i
    Job_Name = 1_create_config_file
    Job_Owner = perrykai@dev-intel16.i
    job_state = R
    queue = main
    server = mgr-04.i
    Checkpoint = u
    ctime = Thu Sep 22 11:15:35 2016
    Error_Path = dev-intel16:/mnt/research/pigeqtl/analyses/microRNA/3_pcr_dup
	lication_analysis/6_process_24bioosci_PCRDUP_samples/scripts/1_create_
	config_file_literate/1_create_config_file.out
    exec_host = lac-141/27
    Hold_Types = n
    Join_Path = oe
    Keep_Files = n
    Mail_Points = abe
    mtime = Thu Sep 22 11:16:57 2016
    Output_Path = dev-intel16:/mnt/research/pigeqtl/analyses/microRNA/3_pcr_du
	plication_analysis/6_process_24bioosci_PCRDUP_samples/scripts/1_create
	_config_file_literate/1_create_config_file.out
    Priority = 0
    qtime = Thu Sep 22 11:15:35 2016
    Rerunable = False
    Resource_List.mem = 1gb
    Resource_List.nodect = 1
    Resource_List.nodes = 1:ppn=1:intel16
    Resource_List.walltime = 00:03:00
    session_id = 27079
    Variable_List = PBS_O_QUEUE=main,PBS_O_HOME=/mnt/home/perrykai,
	PBS_O_LOGNAME=perrykai,
	PBS_O_PATH=/opt/software/R/3.2.0--GCC-4.4.5/bin:/opt/software/powerto
	ols/bin:/opt/software/Stata/13.0:/opt/software/MATLAB/R2014a/bin:/opt/
	software/Python/2.7.2--GCC-4.4.5/bin:/opt/software/cmake/2.8.5--GCC-4.
	4.5/bin:/opt/software/OpenMPI/1.4.3--GCC-4.4.5/bin:/usr/lib64/qt-3.3/b
	in:/opt/software/lmod/bin:/opt/moab/bin:/usr/local/bin:/bin:/usr/bin:/
	usr/local/sbin:/usr/sbin:/sbin:/usr/local/hpcc/bin:/opt/ibutils/bin:/m
	nt/home/perrykai/gitclones/spin-my-script,
	PBS_O_MAIL=/var/spool/mail/perrykai,PBS_O_SHELL=/bin/bash,
	PBS_O_LANG=en_US.UTF-8,
	PBS_O_WORKDIR=/mnt/research/pigeqtl/analyses/microRNA/3_pcr_duplicati
	on_analysis/6_process_24bioosci_PCRDUP_samples/scripts,
	PBS_O_HOST=dev-intel16.i,PBS_O_SERVER=mgr-04
    euser = perrykai
    egroup = gene-expression
    queue_type = E
    etime = Thu Sep 22 11:15:35 2016
    submit_args = base.sh
    start_time = Thu Sep 22 11:16:57 2016
    Walltime.Remaining = 177
    start_count = 1
    fault_tolerant = False
    job_radix = 0
    submit_host = dev-intel16.i

